# JRE version: Java(TM) SE Runtime Environment (8.0_92-b14) (build 1.8.0_92-b14)
# Java VM: Java HotSpot(TM) 64-Bit Server VM (25.92-b14 mixed mode bsd-amd64 compressed oops)
Heap:
 PSYoungGen      total 232960K, used 210165K [0x00000007aab00000, 0x00000007c0000000, 0x00000007c0000000)
  eden space 116736K, 100% used [0x00000007aab00000,0x00000007b1d00000,0x00000007b1d00000)
  from space 116224K, 80% used [0x00000007b8e80000,0x00000007be9bd470,0x00000007c0000000)
  to   space 116224K, 20% used [0x00000007b1d00000,0x00000007b33f9ad0,0x00000007b8e80000)
 ParOldGen       total 699392K, used 382680K [0x0000000780000000, 0x00000007aab00000, 0x00000007aab00000)
  object space 699392K, 54% used [0x0000000780000000,0x00000007975b6350,0x00000007aab00000)
 Metaspace       used 95141K, capacity 98442K, committed 98688K, reserved 1134592K
  class space    used 11750K, capacity 12577K, committed 12672K, reserved 1048576K
GC Heap History (10 events):
Event: 1023.242 GC heap after
Heap after GC invocations=33 (full 7):
 PSYoungGen      total 212992K, used 0K [0x00000007aab00000, 0x00000007c0000000, 0x00000007c0000000)
  eden space 116736K, 0% used [0x00000007aab00000,0x00000007aab00000,0x00000007b1d00000)
  from space 96256K, 0% used [0x00000007ba200000,0x00000007ba200000,0x00000007c0000000)
  to   space 116224K, 0% used [0x00000007b1d00000,0x00000007b1d00000,0x00000007b8e80000)
 ParOldGen       total 481280K, used 305960K [0x0000000780000000, 0x000000079d600000, 0x00000007aab00000)
  object space 481280K, 63% used [0x0000000780000000,0x0000000792aca270,0x000000079d600000)
 Metaspace       used 90265K, capacity 93054K, committed 93696K, reserved 1130496K
  class space    used 11172K, capacity 11921K, committed 12032K, reserved 1048576K
}
Event: 1088.561 GC heap before
{Heap before GC invocations=34 (full 7):
 PSYoungGen      total 212992K, used 116736K [0x00000007aab00000, 0x00000007c0000000, 0x00000007c0000000)
  eden space 116736K, 100% used [0x00000007aab00000,0x00000007b1d00000,0x00000007b1d00000)
  from space 96256K, 0% used [0x00000007ba200000,0x00000007ba200000,0x00000007c0000000)
  to   space 116224K, 0% used [0x00000007b1d00000,0x00000007b1d00000,0x00000007b8e80000)
 ParOldGen       total 481280K, used 305960K [0x0000000780000000, 0x000000079d600000, 0x00000007aab00000)
  object space 481280K, 63% used [0x0000000780000000,0x0000000792aca270,0x000000079d600000)
 Metaspace       used 90646K, capacity 93850K, committed 93952K, reserved 1130496K
  class space    used 11228K, capacity 12015K, committed 12032K, reserved 1048576K
Event: 1088.568 GC heap after
Heap after GC invocations=34 (full 7):
 PSYoungGen      total 232960K, used 6288K [0x00000007aab00000, 0x00000007c0000000, 0x00000007c0000000)
  eden space 116736K, 0% used [0x00000007aab00000,0x00000007aab00000,0x00000007b1d00000)
  from space 116224K, 5% used [0x00000007b1d00000,0x00000007b2324010,0x00000007b8e80000)
  to   space 116224K, 0% used [0x00000007b8e80000,0x00000007b8e80000,0x00000007c0000000)
 ParOldGen       total 481280K, used 305968K [0x0000000780000000, 0x000000079d600000, 0x00000007aab00000)
  object space 481280K, 63% used [0x0000000780000000,0x0000000792acc270,0x000000079d600000)
 Metaspace       used 90646K, capacity 93850K, committed 93952K, reserved 1130496K
  class space    used 11228K, capacity 12015K, committed 12032K, reserved 1048576K
}
Event: 1089.097 GC heap before
{Heap before GC invocations=35 (full 7):
 PSYoungGen      total 232960K, used 123024K [0x00000007aab00000, 0x00000007c0000000, 0x00000007c0000000)
  eden space 116736K, 100% used [0x00000007aab00000,0x00000007b1d00000,0x00000007b1d00000)
  from space 116224K, 5% used [0x00000007b1d00000,0x00000007b2324010,0x00000007b8e80000)
  to   space 116224K, 0% used [0x00000007b8e80000,0x00000007b8e80000,0x00000007c0000000)
 ParOldGen       total 481280K, used 305968K [0x0000000780000000, 0x000000079d600000, 0x00000007aab00000)
  object space 481280K, 63% used [0x0000000780000000,0x0000000792acc270,0x000000079d600000)
 Metaspace       used 90849K, capacity 94000K, committed 94336K, reserved 1132544K
  class space    used 11242K, capacity 12040K, committed 12160K, reserved 1048576K
Event: 1089.113 GC heap after
Heap after GC invocations=35 (full 7):
 PSYoungGen      total 231936K, used 24295K [0x00000007aab00000, 0x00000007bff00000, 0x00000007c0000000)
  eden space 116736K, 0% used [0x00000007aab00000,0x00000007aab00000,0x00000007b1d00000)
  from space 115200K, 21% used [0x00000007b8e80000,0x00000007ba639ee0,0x00000007bff00000)
  to   space 115712K, 0% used [0x00000007b1d00000,0x00000007b1d00000,0x00000007b8e00000)
 ParOldGen       total 481280K, used 305976K [0x0000000780000000, 0x000000079d600000, 0x00000007aab00000)
  object space 481280K, 63% used [0x0000000780000000,0x0000000792ace270,0x000000079d600000)
 Metaspace       used 90849K, capacity 94000K, committed 94336K, reserved 1132544K
  class space    used 11242K, capacity 12040K, committed 12160K, reserved 1048576K
}
Event: 1089.653 GC heap before
{Heap before GC invocations=36 (full 7):
 PSYoungGen      total 231936K, used 141031K [0x00000007aab00000, 0x00000007bff00000, 0x00000007c0000000)
  eden space 116736K, 100% used [0x00000007aab00000,0x00000007b1d00000,0x00000007b1d00000)
  from space 115200K, 21% used [0x00000007b8e80000,0x00000007ba639ee0,0x00000007bff00000)
  to   space 115712K, 0% used [0x00000007b1d00000,0x00000007b1d00000,0x00000007b8e00000)
 ParOldGen       total 481280K, used 305976K [0x0000000780000000, 0x000000079d600000, 0x00000007aab00000)
  object space 481280K, 63% used [0x0000000780000000,0x0000000792ace270,0x000000079d600000)
 Metaspace       used 94968K, capacity 98162K, committed 98432K, reserved 1134592K
  class space    used 11740K, capacity 12569K, committed 12672K, reserved 1048576K
Event: 1089.689 GC heap after
Heap after GC invocations=36 (full 7):
 PSYoungGen      total 232448K, used 83487K [0x00000007aab00000, 0x00000007c0000000, 0x00000007c0000000)
  eden space 116736K, 0% used [0x00000007aab00000,0x00000007aab00000,0x00000007b1d00000)
  from space 115712K, 72% used [0x00000007b1d00000,0x00000007b6e87d18,0x00000007b8e00000)
  to   space 116224K, 0% used [0x00000007b8e80000,0x00000007b8e80000,0x00000007c0000000)
 ParOldGen       total 481280K, used 305984K [0x0000000780000000, 0x000000079d600000, 0x00000007aab00000)
  object space 481280K, 63% used [0x0000000780000000,0x0000000792ad0270,0x000000079d600000)
 Metaspace       used 94968K, capacity 98162K, committed 98432K, reserved 1134592K
  class space    used 11740K, capacity 12569K, committed 12672K, reserved 1048576K
}
Event: 1099.248 GC heap before
{Heap before GC invocations=37 (full 7):
 PSYoungGen      total 232448K, used 200223K [0x00000007aab00000, 0x00000007c0000000, 0x00000007c0000000)
  eden space 116736K, 100% used [0x00000007aab00000,0x00000007b1d00000,0x00000007b1d00000)
  from space 115712K, 72% used [0x00000007b1d00000,0x00000007b6e87d18,0x00000007b8e00000)
  to   space 116224K, 0% used [0x00000007b8e80000,0x00000007b8e80000,0x00000007c0000000)
 ParOldGen       total 481280K, used 305984K [0x0000000780000000, 0x000000079d600000, 0x00000007aab00000)
  object space 481280K, 63% used [0x0000000780000000,0x0000000792ad0270,0x000000079d600000)
 Metaspace       used 94980K, capacity 98226K, committed 98432K, reserved 1134592K
  class space    used 11740K, capacity 12569K, committed 12672K, reserved 1048576K
Event: 1099.286 GC heap after
Heap after GC invocations=37 (full 7):
 PSYoungGen      total 232960K, used 93429K [0x00000007aab00000, 0x00000007c0000000, 0x00000007c0000000)
  eden space 116736K, 0% used [0x00000007aab00000,0x00000007aab00000,0x00000007b1d00000)
  from space 116224K, 80% used [0x00000007b8e80000,0x00000007be9bd470,0x00000007c0000000)
  to   space 116224K, 0% used [0x00000007b1d00000,0x00000007b1d00000,0x00000007b8e80000)
 ParOldGen       total 481280K, used 311284K [0x0000000780000000, 0x000000079d600000, 0x00000007aab00000)
  object space 481280K, 64% used [0x0000000780000000,0x0000000792ffd2d0,0x000000079d600000)
 Metaspace       used 94980K, capacity 98226K, committed 98432K, reserved 1134592K
  class space    used 11740K, capacity 12569K, committed 12672K, reserved 1048576K
}
Event: 2350.537 GC heap before
{Heap before GC invocations=38 (full 7):
 PSYoungGen      total 232960K, used 210165K [0x00000007aab00000, 0x00000007c0000000, 0x00000007c0000000)
  eden space 116736K, 100% used [0x00000007aab00000,0x00000007b1d00000,0x00000007b1d00000)
  from space 116224K, 80% used [0x00000007b8e80000,0x00000007be9bd470,0x00000007c0000000)
  to   space 116224K, 0% used [0x00000007b1d00000,0x00000007b1d00000,0x00000007b8e80000)
 ParOldGen       total 481280K, used 311284K [0x0000000780000000, 0x000000079d600000, 0x00000007aab00000)
  object space 481280K, 64% used [0x0000000780000000,0x0000000792ffd2d0,0x000000079d600000)
 Metaspace       used 95141K, capacity 98442K, committed 98688K, reserved 1134592K
  class space    used 11750K, capacity 12577K, committed 12672K, reserved 1048576K

