# JRE version: Java(TM) SE Runtime Environment (7.0_79-b15) (build 1.7.0_79-b15)
# Java VM: Java HotSpot(TM) 64-Bit Server VM (24.79-b02 mixed mode bsd-amd64 compressed oops)
Heap
 PSYoungGen      total 274944K, used 274934K [0x00000007eaa80000, 0x00000007fc180000, 0x0000000800000000)
  eden space 264192K, 100% used [0x00000007eaa80000,0x00000007fac80000,0x00000007fac80000)
  from space 10752K, 99% used [0x00000007fb700000,0x00000007fc17da20,0x00000007fc180000)
  to   space 10752K, 99% used [0x00000007fac80000,0x00000007fb6ff410,0x00000007fb700000)
 ParOldGen       total 174592K, used 155693K [0x00000007c0000000, 0x00000007caa80000, 0x00000007eaa80000)
  object space 174592K, 89% used [0x00000007c0000000,0x00000007c9811628,0x00000007caa80000)
 PSPermGen       total 21504K, used 5652K [0x00000007bae00000, 0x00000007bc300000, 0x00000007c0000000)
  object space 21504K, 26% used [0x00000007bae00000,0x00000007bb385118,0x00000007bc300000)
GC Heap History (9 events):
Event: 0.758 GC heap before
{Heap before GC invocations=1 (full 0):
 PSYoungGen      total 76800K, used 66048K [0x00000007eaa80000, 0x00000007f0000000, 0x0000000800000000)
  eden space 66048K, 100% used [0x00000007eaa80000,0x00000007eeb00000,0x00000007eeb00000)
  from space 10752K, 0% used [0x00000007ef580000,0x00000007ef580000,0x00000007f0000000)
  to   space 10752K, 0% used [0x00000007eeb00000,0x00000007eeb00000,0x00000007ef580000)
 ParOldGen       total 174592K, used 0K [0x00000007c0000000, 0x00000007caa80000, 0x00000007eaa80000)
  object space 174592K, 0% used [0x00000007c0000000,0x00000007c0000000,0x00000007caa80000)
 PSPermGen       total 21504K, used 5494K [0x00000007bae00000, 0x00000007bc300000, 0x00000007c0000000)
  object space 21504K, 25% used [0x00000007bae00000,0x00000007bb35d940,0x00000007bc300000)
Event: 0.771 GC heap after
Heap after GC invocations=1 (full 0):
 PSYoungGen      total 76800K, used 10731K [0x00000007eaa80000, 0x00000007f4080000, 0x0000000800000000)
  eden space 66048K, 0% used [0x00000007eaa80000,0x00000007eaa80000,0x00000007eeb00000)
  from space 10752K, 99% used [0x00000007eeb00000,0x00000007ef57ad70,0x00000007ef580000)
  to   space 10752K, 0% used [0x00000007f3600000,0x00000007f3600000,0x00000007f4080000)
 ParOldGen       total 174592K, used 4903K [0x00000007c0000000, 0x00000007caa80000, 0x00000007eaa80000)
  object space 174592K, 2% used [0x00000007c0000000,0x00000007c04c9cd0,0x00000007caa80000)
 PSPermGen       total 21504K, used 5494K [0x00000007bae00000, 0x00000007bc300000, 0x00000007c0000000)
  object space 21504K, 25% used [0x00000007bae00000,0x00000007bb35d940,0x00000007bc300000)
}
Event: 1.202 GC heap before
{Heap before GC invocations=2 (full 0):
 PSYoungGen      total 76800K, used 76779K [0x00000007eaa80000, 0x00000007f4080000, 0x0000000800000000)
  eden space 66048K, 100% used [0x00000007eaa80000,0x00000007eeb00000,0x00000007eeb00000)
  from space 10752K, 99% used [0x00000007eeb00000,0x00000007ef57ad70,0x00000007ef580000)
  to   space 10752K, 0% used [0x00000007f3600000,0x00000007f3600000,0x00000007f4080000)
 ParOldGen       total 174592K, used 4903K [0x00000007c0000000, 0x00000007caa80000, 0x00000007eaa80000)
  object space 174592K, 2% used [0x00000007c0000000,0x00000007c04c9cd0,0x00000007caa80000)
 PSPermGen       total 21504K, used 5529K [0x00000007bae00000, 0x00000007bc300000, 0x00000007c0000000)
  object space 21504K, 25% used [0x00000007bae00000,0x00000007bb366440,0x00000007bc300000)
Event: 1.225 GC heap after
Heap after GC invocations=2 (full 0):
 PSYoungGen      total 142848K, used 10726K [0x00000007eaa80000, 0x00000007f4080000, 0x0000000800000000)
  eden space 132096K, 0% used [0x00000007eaa80000,0x00000007eaa80000,0x00000007f2b80000)
  from space 10752K, 99% used [0x00000007f3600000,0x00000007f4079a40,0x00000007f4080000)
  to   space 10752K, 0% used [0x00000007f2b80000,0x00000007f2b80000,0x00000007f3600000)
 ParOldGen       total 174592K, used 28256K [0x00000007c0000000, 0x00000007caa80000, 0x00000007eaa80000)
  object space 174592K, 16% used [0x00000007c0000000,0x00000007c1b98190,0x00000007caa80000)
 PSPermGen       total 21504K, used 5529K [0x00000007bae00000, 0x00000007bc300000, 0x00000007c0000000)
  object space 21504K, 25% used [0x00000007bae00000,0x00000007bb366440,0x00000007bc300000)
}
Event: 2.029 GC heap before
{Heap before GC invocations=3 (full 0):
 PSYoungGen      total 142848K, used 142822K [0x00000007eaa80000, 0x00000007f4080000, 0x0000000800000000)
  eden space 132096K, 100% used [0x00000007eaa80000,0x00000007f2b80000,0x00000007f2b80000)
  from space 10752K, 99% used [0x00000007f3600000,0x00000007f4079a40,0x00000007f4080000)
  to   space 10752K, 0% used [0x00000007f2b80000,0x00000007f2b80000,0x00000007f3600000)
 ParOldGen       total 174592K, used 28256K [0x00000007c0000000, 0x00000007caa80000, 0x00000007eaa80000)
  object space 174592K, 16% used [0x00000007c0000000,0x00000007c1b98190,0x00000007caa80000)
 PSPermGen       total 21504K, used 5561K [0x00000007bae00000, 0x00000007bc300000, 0x00000007c0000000)
  object space 21504K, 25% used [0x00000007bae00000,0x00000007bb36e570,0x00000007bc300000)
Event: 2.069 GC heap after
Heap after GC invocations=3 (full 0):
 PSYoungGen      total 142848K, used 10722K [0x00000007eaa80000, 0x00000007fc180000, 0x0000000800000000)
  eden space 132096K, 0% used [0x00000007eaa80000,0x00000007eaa80000,0x00000007f2b80000)
  from space 10752K, 99% used [0x00000007f2b80000,0x00000007f35f8a58,0x00000007f3600000)
  to   space 10752K, 0% used [0x00000007fb700000,0x00000007fb700000,0x00000007fc180000)
 ParOldGen       total 174592K, used 75749K [0x00000007c0000000, 0x00000007caa80000, 0x00000007eaa80000)
  object space 174592K, 43% used [0x00000007c0000000,0x00000007c49f97f8,0x00000007caa80000)
 PSPermGen       total 21504K, used 5561K [0x00000007bae00000, 0x00000007bc300000, 0x00000007c0000000)
  object space 21504K, 25% used [0x00000007bae00000,0x00000007bb36e570,0x00000007bc300000)
}
Event: 2.898 GC heap before
{Heap before GC invocations=4 (full 0):
 PSYoungGen      total 142848K, used 142818K [0x00000007eaa80000, 0x00000007fc180000, 0x0000000800000000)
  eden space 132096K, 100% used [0x00000007eaa80000,0x00000007f2b80000,0x00000007f2b80000)
  from space 10752K, 99% used [0x00000007f2b80000,0x00000007f35f8a58,0x00000007f3600000)
  to   space 10752K, 0% used [0x00000007fb700000,0x00000007fb700000,0x00000007fc180000)
 ParOldGen       total 174592K, used 75749K [0x00000007c0000000, 0x00000007caa80000, 0x00000007eaa80000)
  object space 174592K, 43% used [0x00000007c0000000,0x00000007c49f97f8,0x00000007caa80000)
 PSPermGen       total 21504K, used 5615K [0x00000007bae00000, 0x00000007bc300000, 0x00000007c0000000)
  object space 21504K, 26% used [0x00000007bae00000,0x00000007bb37be08,0x00000007bc300000)
Event: 2.932 GC heap after
Heap after GC invocations=4 (full 0):
 PSYoungGen      total 274944K, used 10742K [0x00000007eaa80000, 0x00000007fc180000, 0x0000000800000000)
  eden space 264192K, 0% used [0x00000007eaa80000,0x00000007eaa80000,0x00000007fac80000)
  from space 10752K, 99% used [0x00000007fb700000,0x00000007fc17da20,0x00000007fc180000)
  to   space 10752K, 0% used [0x00000007fac80000,0x00000007fac80000,0x00000007fb700000)
 ParOldGen       total 174592K, used 111258K [0x00000007c0000000, 0x00000007caa80000, 0x00000007eaa80000)
  object space 174592K, 63% used [0x00000007c0000000,0x00000007c6ca6a58,0x00000007caa80000)
 PSPermGen       total 21504K, used 5615K [0x00000007bae00000, 0x00000007bc300000, 0x00000007c0000000)
  object space 21504K, 26% used [0x00000007bae00000,0x00000007bb37be08,0x00000007bc300000)
}
Event: 4.141 GC heap before
{Heap before GC invocations=5 (full 0):
 PSYoungGen      total 274944K, used 274934K [0x00000007eaa80000, 0x00000007fc180000, 0x0000000800000000)
  eden space 264192K, 100% used [0x00000007eaa80000,0x00000007fac80000,0x00000007fac80000)
  from space 10752K, 99% used [0x00000007fb700000,0x00000007fc17da20,0x00000007fc180000)
  to   space 10752K, 0% used [0x00000007fac80000,0x00000007fac80000,0x00000007fb700000)
 ParOldGen       total 174592K, used 111258K [0x00000007c0000000, 0x00000007caa80000, 0x00000007eaa80000)
  object space 174592K, 63% used [0x00000007c0000000,0x00000007c6ca6a58,0x00000007caa80000)
 PSPermGen       total 21504K, used 5652K [0x00000007bae00000, 0x00000007bc300000, 0x00000007c0000000)
  object space 21504K, 26% used [0x00000007bae00000,0x00000007bb385118,0x00000007bc300000)

